PLINK v1.90b7 64-bit (16 Jan 2023)
Options in effect:
  --bfile data4_updateSex
  --freq
  --keep aux_controlKeep.txt
  --out maf_CONTROL

Hostname: teach-cpu-n0.crc.pitt.edu
Working directory: /ihome/mmarazita/til177/GitHub/hugen2072-2025s/hw00-coding-assessment
Start time: Mon Jan 20 18:26:33 2025

Random number seed: 1737415593
192066 MB RAM detected; reserving 96033 MB for main workspace.
3261 variants loaded from .bim file.
524 people (245 males, 279 females) loaded from .fam.
--keep: 262 people remaining.
Using 1 thread.
Before main variant filters, 262 founders and 0 nonfounders present.
Calculating allele frequencies... done.
Total genotyping rate in remaining samples is 0.998752.
--freq: Allele frequencies (founders only) written to maf_CONTROL.frq .

End time: Mon Jan 20 18:26:33 2025
